# JRE version: Java(TM) SE Runtime Environment (16.0.2+7) (build 16.0.2+7-67)
# Java VM: Java HotSpot(TM) 64-Bit Server VM (16.0.2+7-67, mixed mode, sharing, tiered, compressed oops, compressed class ptrs, g1 gc, bsd-amd64)
GC Precious Log:
 CPUs: 8 total, 8 available
 Memory: 12288M
 Large Page Support: Disabled
 NUMA Support: Disabled
 Compressed Oops: Enabled (Zero based)
 Heap Region Size: 2M
 Heap Min Capacity: 8M
 Heap Initial Capacity: 192M
 Heap Max Capacity: 3G
 Pre-touch: Disabled
 Parallel Workers: 8
 Concurrent Workers: 2
 Concurrent Refinement Workers: 8
 Periodic GC: Disabled
Heap:
 garbage-first heap   total 114688K, used 72293K [0x0000000740000000, 0x0000000800000000)
  region size 2048K, 30 young (61440K), 1 survivors (2048K)
 Metaspace       used 32368K, committed 32704K, reserved 1081344K
  class space    used 4228K, committed 4416K, reserved 1048576K
GC Heap History (14 events):
Event: 0.794 GC heap before
{Heap before GC invocations=0 (full 0):
 garbage-first heap   total 200704K, used 22472K [0x0000000740000000, 0x0000000800000000)
  region size 2048K, 11 young (22528K), 0 survivors (0K)
 Metaspace       used 4635K, committed 4864K, reserved 1056768K
  class space    used 497K, committed 576K, reserved 1048576K
}
Event: 0.804 GC heap after
{Heap after GC invocations=1 (full 0):
 garbage-first heap   total 200704K, used 7611K [0x0000000740000000, 0x0000000800000000)
  region size 2048K, 2 young (4096K), 2 survivors (4096K)
 Metaspace       used 4635K, committed 4864K, reserved 1056768K
  class space    used 497K, committed 576K, reserved 1048576K
}
Event: 0.822 GC heap before
{Heap before GC invocations=1 (full 0):
 garbage-first heap   total 200704K, used 34235K [0x0000000740000000, 0x0000000800000000)
  region size 2048K, 16 young (32768K), 2 survivors (4096K)
 Metaspace       used 4636K, committed 4864K, reserved 1056768K
  class space    used 497K, committed 576K, reserved 1048576K
}
Event: 0.828 GC heap after
{Heap after GC invocations=2 (full 0):
 garbage-first heap   total 200704K, used 7874K [0x0000000740000000, 0x0000000800000000)
  region size 2048K, 1 young (2048K), 1 survivors (2048K)
 Metaspace       used 4636K, committed 4864K, reserved 1056768K
  class space    used 497K, committed 576K, reserved 1048576K
}
Event: 2.540 GC heap before
{Heap before GC invocations=2 (full 0):
 garbage-first heap   total 200704K, used 120514K [0x0000000740000000, 0x0000000800000000)
  region size 2048K, 57 young (116736K), 1 survivors (2048K)
 Metaspace       used 19714K, committed 19968K, reserved 1073152K
  class space    used 2523K, committed 2624K, reserved 1048576K
}
Event: 2.548 GC heap after
{Heap after GC invocations=3 (full 0):
 garbage-first heap   total 200704K, used 12439K [0x0000000740000000, 0x0000000800000000)
  region size 2048K, 3 young (6144K), 3 survivors (6144K)
 Metaspace       used 19714K, committed 19968K, reserved 1073152K
  class space    used 2523K, committed 2624K, reserved 1048576K
}
Event: 3.022 GC heap before
{Heap before GC invocations=3 (full 0):
 garbage-first heap   total 200704K, used 26775K [0x0000000740000000, 0x0000000800000000)
  region size 2048K, 11 young (22528K), 3 survivors (6144K)
 Metaspace       used 20989K, committed 21248K, reserved 1073152K
  class space    used 2671K, committed 2752K, reserved 1048576K
}
Event: 3.029 GC heap after
{Heap after GC invocations=4 (full 0):
 garbage-first heap   total 200704K, used 12887K [0x0000000740000000, 0x0000000800000000)
  region size 2048K, 3 young (6144K), 3 survivors (6144K)
 Metaspace       used 20989K, committed 21248K, reserved 1073152K
  class space    used 2671K, committed 2752K, reserved 1048576K
}
Event: 4.591 GC heap before
{Heap before GC invocations=5 (full 0):
 garbage-first heap   total 61440K, used 43607K [0x0000000740000000, 0x0000000800000000)
  region size 2048K, 18 young (36864K), 3 survivors (6144K)
 Metaspace       used 26161K, committed 26496K, reserved 1073152K
  class space    used 3430K, committed 3584K, reserved 1048576K
}
Event: 4.608 GC heap after
{Heap after GC invocations=6 (full 0):
 garbage-first heap   total 61440K, used 15780K [0x0000000740000000, 0x0000000800000000)
  region size 2048K, 2 young (4096K), 2 survivors (4096K)
 Metaspace       used 26161K, committed 26496K, reserved 1073152K
  class space    used 3430K, committed 3584K, reserved 1048576K
}
Event: 4.955 GC heap before
{Heap before GC invocations=6 (full 0):
 garbage-first heap   total 61440K, used 40356K [0x0000000740000000, 0x0000000800000000)
  region size 2048K, 15 young (30720K), 2 survivors (4096K)
 Metaspace       used 28351K, committed 28672K, reserved 1081344K
  class space    used 3685K, committed 3840K, reserved 1048576K
}
Event: 4.966 GC heap after
{Heap after GC invocations=7 (full 0):
 garbage-first heap   total 61440K, used 16905K [0x0000000740000000, 0x0000000800000000)
  region size 2048K, 1 young (2048K), 1 survivors (2048K)
 Metaspace       used 28351K, committed 28672K, reserved 1081344K
  class space    used 3685K, committed 3840K, reserved 1048576K
}
Event: 5.095 GC heap before
{Heap before GC invocations=7 (full 0):
 garbage-first heap   total 61440K, used 41481K [0x0000000740000000, 0x0000000800000000)
  region size 2048K, 14 young (28672K), 1 survivors (2048K)
 Metaspace       used 28967K, committed 29248K, reserved 1081344K
  class space    used 3738K, committed 3840K, reserved 1048576K
}
Event: 5.099 GC heap after
{Heap after GC invocations=8 (full 0):
 garbage-first heap   total 114688K, used 16997K [0x0000000740000000, 0x0000000800000000)
  region size 2048K, 1 young (2048K), 1 survivors (2048K)
 Metaspace       used 28967K, committed 29248K, reserved 1081344K
  class space    used 3738K, committed 3840K, reserved 1048576K
}

